<?xml version="1.0" encoding="UTF-8"?>
<testsuite xmlns:xsi="http://www.w3.org/2001/XMLSchema-instance" xsi:schemaLocation="https://maven.apache.org/surefire/maven-surefire-plugin/xsd/surefire-test-report.xsd" name="databasesystemengineering.onlinevideogamestore.js.JsInteractionTest" time="0.08" tests="1" errors="1" skipped="0" failures="0">
  <properties>
[...]
</properties>
  <testcase name="initializationError" classname="databasesystemengineering.onlinevideogamestore.js.JsInteractionTest" time="0.006">
    <error type="java.lang.reflect.InvocationTargetException">java.lang.reflect.InvocationTargetException
Caused by: java.lang.NullPointerException: Cannot invoke "javax.script.ScriptEngine.getFactory()" because "eng" is null
</error>
  </testcase>
</testsuite>